2025-03-04T20:43:35.321-05:00  INFO 22108 --- [DriveZone] [main] c.D.DriveZone.DriveZoneApplication       : Starting DriveZoneApplication using Java 22.0.1 with PID 22108 (C:\Users\thewe\OneDrive\Escritorio\DriveZone\target\classes started by thewe in C:\Users\thewe\OneDrive\Escritorio\DriveZone)
2025-03-04T20:43:35.325-05:00  INFO 22108 --- [DriveZone] [main] c.D.DriveZone.DriveZoneApplication       : No active profile set, falling back to 1 default profile: "default"
2025-03-04T20:43:36.306-05:00  INFO 22108 --- [DriveZone] [main] .s.d.r.c.RepositoryConfigurationDelegate : Bootstrapping Spring Data JPA repositories in DEFAULT mode.
2025-03-04T20:43:36.423-05:00  INFO 22108 --- [DriveZone] [main] .s.d.r.c.RepositoryConfigurationDelegate : Finished Spring Data repository scanning in 96 ms. Found 6 JPA repository interfaces.
2025-03-04T20:43:37.221-05:00  INFO 22108 --- [DriveZone] [main] o.s.b.w.embedded.tomcat.TomcatWebServer  : Tomcat initialized with port 8080 (http)
2025-03-04T20:43:37.235-05:00  INFO 22108 --- [DriveZone] [main] o.apache.catalina.core.StandardService   : Starting service [Tomcat]
2025-03-04T20:43:37.235-05:00  INFO 22108 --- [DriveZone] [main] o.apache.catalina.core.StandardEngine    : Starting Servlet engine: [Apache Tomcat/10.1.36]
2025-03-04T20:43:37.288-05:00  INFO 22108 --- [DriveZone] [main] o.a.c.c.C.[Tomcat].[localhost].[/]       : Initializing Spring embedded WebApplicationContext
2025-03-04T20:43:37.289-05:00  INFO 22108 --- [DriveZone] [main] w.s.c.ServletWebServerApplicationContext : Root WebApplicationContext: initialization completed in 1879 ms
2025-03-04T20:43:37.483-05:00  INFO 22108 --- [DriveZone] [main] com.zaxxer.hikari.HikariDataSource       : HikariPool-1 - Starting...
2025-03-04T20:43:37.694-05:00  INFO 22108 --- [DriveZone] [main] com.zaxxer.hikari.pool.HikariPool        : HikariPool-1 - Added connection com.mysql.cj.jdbc.ConnectionImpl@59498d94
2025-03-04T20:43:37.696-05:00  INFO 22108 --- [DriveZone] [main] com.zaxxer.hikari.HikariDataSource       : HikariPool-1 - Start completed.
2025-03-04T20:43:37.751-05:00  INFO 22108 --- [DriveZone] [main] o.hibernate.jpa.internal.util.LogHelper  : HHH000204: Processing PersistenceUnitInfo [name: default]
2025-03-04T20:43:37.818-05:00  INFO 22108 --- [DriveZone] [main] org.hibernate.Version                    : HHH000412: Hibernate ORM core version 6.6.8.Final
2025-03-04T20:43:37.851-05:00  INFO 22108 --- [DriveZone] [main] o.h.c.internal.RegionFactoryInitiator    : HHH000026: Second-level cache disabled
2025-03-04T20:43:38.231-05:00  INFO 22108 --- [DriveZone] [main] o.s.o.j.p.SpringPersistenceUnitInfo      : No LoadTimeWeaver setup: ignoring JPA class transformer
2025-03-04T20:43:38.355-05:00  INFO 22108 --- [DriveZone] [main] org.hibernate.orm.connections.pooling    : HHH10001005: Database info:
	Database JDBC URL [Connecting through datasource 'HikariDataSource (HikariPool-1)']
	Database driver: undefined/unknown
	Database version: 8.0.38
	Autocommit mode: undefined/unknown
	Isolation level: undefined/unknown
	Minimum pool size: undefined/unknown
	Maximum pool size: undefined/unknown
2025-03-04T20:43:39.429-05:00  INFO 22108 --- [DriveZone] [main] o.h.e.t.j.p.i.JtaPlatformInitiator       : HHH000489: No JTA platform available (set 'hibernate.transaction.jta.platform' to enable JTA platform integration)
2025-03-04T20:43:39.432-05:00  INFO 22108 --- [DriveZone] [main] j.LocalContainerEntityManagerFactoryBean : Initialized JPA EntityManagerFactory for persistence unit 'default'
2025-03-04T20:43:40.302-05:00  WARN 22108 --- [DriveZone] [main] JpaBaseConfiguration$JpaWebConfiguration : spring.jpa.open-in-view is enabled by default. Therefore, database queries may be performed during view rendering. Explicitly configure spring.jpa.open-in-view to disable this warning
2025-03-04T20:43:40.333-05:00  INFO 22108 --- [DriveZone] [main] o.s.b.a.w.s.WelcomePageHandlerMapping    : Adding welcome page: class path resource [static/index.html]
2025-03-04T20:43:40.922-05:00  INFO 22108 --- [DriveZone] [main] o.s.b.w.embedded.tomcat.TomcatWebServer  : Tomcat started on port 8080 (http) with context path '/'
2025-03-04T20:43:40.937-05:00  INFO 22108 --- [DriveZone] [main] c.D.DriveZone.DriveZoneApplication       : Started DriveZoneApplication in 6.299 seconds (process running for 6.77)
2025-03-04T20:43:45.653-05:00  INFO 22108 --- [DriveZone] [http-nio-8080-exec-1] o.a.c.c.C.[Tomcat].[localhost].[/]       : Initializing Spring DispatcherServlet 'dispatcherServlet'
2025-03-04T20:43:45.653-05:00  INFO 22108 --- [DriveZone] [http-nio-8080-exec-1] o.s.web.servlet.DispatcherServlet        : Initializing Servlet 'dispatcherServlet'
2025-03-04T20:43:45.654-05:00  INFO 22108 --- [DriveZone] [http-nio-8080-exec-1] o.s.web.servlet.DispatcherServlet        : Completed initialization in 1 ms
2025-03-04T20:43:48.144-05:00  INFO 22108 --- [DriveZone] [http-nio-8080-exec-4] c.D.D.controllers.CarritoController      : Solicitud para agregar producto al carrito recibida. Token: eyJhbGciOiJIUzI1NiJ9.eyJqdGkiOiIyNSIsImlhdCI6MTc0MTEzNDgzMiwic3ViIjoiMkBnbWFpbC5jb20iLCJpc3MiOiJNYWluIiwiZXhwIjoxNzQxNzM5NjMyfQ.mVXwuUhjWrH3Sq3a7RuAwKfTWuieKKry1tb6KmI2pmc
2025-03-04T20:43:48.147-05:00  INFO 22108 --- [DriveZone] [http-nio-8080-exec-4] c.D.D.controllers.CarritoController      : Usuario ID extraído del token: 25
2025-03-04T20:43:48.151-05:00  INFO 22108 --- [DriveZone] [http-nio-8080-exec-4] c.D.D.controllers.CarritoController      : Buscando accesorio con ID: 2
2025-03-04T20:43:48.159-05:00  INFO 22108 --- [DriveZone] [http-nio-8080-exec-4] c.D.D.controllers.CarritoController      : Stock disponible del accesorio 2: 25
2025-03-04T20:43:48.244-05:00  INFO 22108 --- [DriveZone] [http-nio-8080-exec-4] c.D.D.controllers.CarritoController      : Producto agregado al carrito. Usuario ID: 25, Accesorio ID: 2
2025-03-04T20:43:49.852-05:00  INFO 22108 --- [DriveZone] [http-nio-8080-exec-6] c.D.D.controllers.CarritoController      : Solicitud para agregar producto al carrito recibida. Token: eyJhbGciOiJIUzI1NiJ9.eyJqdGkiOiIyNSIsImlhdCI6MTc0MTEzNDgzMiwic3ViIjoiMkBnbWFpbC5jb20iLCJpc3MiOiJNYWluIiwiZXhwIjoxNzQxNzM5NjMyfQ.mVXwuUhjWrH3Sq3a7RuAwKfTWuieKKry1tb6KmI2pmc
2025-03-04T20:43:49.854-05:00  INFO 22108 --- [DriveZone] [http-nio-8080-exec-6] c.D.D.controllers.CarritoController      : Usuario ID extraído del token: 25
2025-03-04T20:43:49.855-05:00  INFO 22108 --- [DriveZone] [http-nio-8080-exec-6] c.D.D.controllers.CarritoController      : Buscando accesorio con ID: 2
2025-03-04T20:43:49.860-05:00  INFO 22108 --- [DriveZone] [http-nio-8080-exec-6] c.D.D.controllers.CarritoController      : Stock disponible del accesorio 2: 25
2025-03-04T20:43:49.886-05:00  INFO 22108 --- [DriveZone] [http-nio-8080-exec-6] c.D.D.controllers.CarritoController      : Cantidad actualizada en el carrito para el accesorio 2.
2025-03-04T20:45:20.802-05:00  INFO 22108 --- [DriveZone] [http-nio-8080-exec-4] c.D.D.controllers.CarritoController      : Solicitud para agregar producto al carrito recibida. Token: eyJhbGciOiJIUzI1NiJ9.eyJqdGkiOiIyNSIsImlhdCI6MTc0MTEzNDgzMiwic3ViIjoiMkBnbWFpbC5jb20iLCJpc3MiOiJNYWluIiwiZXhwIjoxNzQxNzM5NjMyfQ.mVXwuUhjWrH3Sq3a7RuAwKfTWuieKKry1tb6KmI2pmc
2025-03-04T20:45:20.804-05:00  INFO 22108 --- [DriveZone] [http-nio-8080-exec-4] c.D.D.controllers.CarritoController      : Usuario ID extraído del token: 25
2025-03-04T20:45:20.806-05:00  INFO 22108 --- [DriveZone] [http-nio-8080-exec-4] c.D.D.controllers.CarritoController      : Buscando accesorio con ID: 2
2025-03-04T20:45:20.812-05:00  INFO 22108 --- [DriveZone] [http-nio-8080-exec-4] c.D.D.controllers.CarritoController      : Stock disponible del accesorio 2: 25
2025-03-04T20:45:20.831-05:00  INFO 22108 --- [DriveZone] [http-nio-8080-exec-4] c.D.D.controllers.CarritoController      : Cantidad actualizada en el carrito para el accesorio 2.
2025-03-04T20:45:29.672-05:00  INFO 22108 --- [DriveZone] [http-nio-8080-exec-1] c.D.D.controllers.CarritoController      : Solicitud para agregar producto al carrito recibida. Token: eyJhbGciOiJIUzI1NiJ9.eyJqdGkiOiIyNSIsImlhdCI6MTc0MTEzNDgzMiwic3ViIjoiMkBnbWFpbC5jb20iLCJpc3MiOiJNYWluIiwiZXhwIjoxNzQxNzM5NjMyfQ.mVXwuUhjWrH3Sq3a7RuAwKfTWuieKKry1tb6KmI2pmc
2025-03-04T20:45:29.676-05:00  INFO 22108 --- [DriveZone] [http-nio-8080-exec-1] c.D.D.controllers.CarritoController      : Usuario ID extraído del token: 25
2025-03-04T20:45:29.678-05:00  INFO 22108 --- [DriveZone] [http-nio-8080-exec-1] c.D.D.controllers.CarritoController      : Buscando accesorio con ID: 9
2025-03-04T20:45:29.685-05:00  INFO 22108 --- [DriveZone] [http-nio-8080-exec-1] c.D.D.controllers.CarritoController      : Stock disponible del accesorio 9: 40
2025-03-04T20:45:29.704-05:00  INFO 22108 --- [DriveZone] [http-nio-8080-exec-1] c.D.D.controllers.CarritoController      : Cantidad actualizada en el carrito para el accesorio 9.
2025-03-04T20:45:36.756-05:00  INFO 22108 --- [DriveZone] [http-nio-8080-exec-5] c.D.D.controllers.CarritoController      : Solicitud para agregar producto al carrito recibida. Token: eyJhbGciOiJIUzI1NiJ9.eyJqdGkiOiIyNSIsImlhdCI6MTc0MTEzNDgzMiwic3ViIjoiMkBnbWFpbC5jb20iLCJpc3MiOiJNYWluIiwiZXhwIjoxNzQxNzM5NjMyfQ.mVXwuUhjWrH3Sq3a7RuAwKfTWuieKKry1tb6KmI2pmc
2025-03-04T20:45:36.758-05:00  INFO 22108 --- [DriveZone] [http-nio-8080-exec-5] c.D.D.controllers.CarritoController      : Usuario ID extraído del token: 25
2025-03-04T20:45:36.759-05:00  INFO 22108 --- [DriveZone] [http-nio-8080-exec-5] c.D.D.controllers.CarritoController      : Buscando accesorio con ID: 9
2025-03-04T20:45:36.764-05:00  INFO 22108 --- [DriveZone] [http-nio-8080-exec-5] c.D.D.controllers.CarritoController      : Stock disponible del accesorio 9: 40
2025-03-04T20:45:36.768-05:00  WARN 22108 --- [DriveZone] [http-nio-8080-exec-5] c.D.D.controllers.CarritoController      : Stock insuficiente para el accesorio 9. Stock: 40, Cantidad solicitada: 40
2025-03-04T20:45:42.506-05:00  WARN 22108 --- [DriveZone] [http-nio-8080-exec-4] .w.s.m.s.DefaultHandlerExceptionResolver : Resolved [org.springframework.web.method.annotation.MethodArgumentTypeMismatchException: Method parameter 'usuarioId': Failed to convert value of type 'java.lang.String' to required type 'int'; For input string: "agregar"]
2025-03-04T20:46:14.774-05:00  INFO 22108 --- [DriveZone] [http-nio-8080-exec-7] c.D.D.controllers.CarritoController      : Solicitud para agregar producto al carrito recibida. Token: eyJhbGciOiJIUzI1NiJ9.eyJqdGkiOiIyNSIsImlhdCI6MTc0MTEzNDgzMiwic3ViIjoiMkBnbWFpbC5jb20iLCJpc3MiOiJNYWluIiwiZXhwIjoxNzQxNzM5NjMyfQ.mVXwuUhjWrH3Sq3a7RuAwKfTWuieKKry1tb6KmI2pmc
2025-03-04T20:46:14.776-05:00  INFO 22108 --- [DriveZone] [http-nio-8080-exec-7] c.D.D.controllers.CarritoController      : Usuario ID extraído del token: 25
2025-03-04T20:46:14.779-05:00  INFO 22108 --- [DriveZone] [http-nio-8080-exec-7] c.D.D.controllers.CarritoController      : Buscando accesorio con ID: 1
2025-03-04T20:46:14.785-05:00  INFO 22108 --- [DriveZone] [http-nio-8080-exec-7] c.D.D.controllers.CarritoController      : Stock disponible del accesorio 1: 10
2025-03-04T20:46:14.802-05:00  INFO 22108 --- [DriveZone] [http-nio-8080-exec-7] c.D.D.controllers.CarritoController      : Cantidad actualizada en el carrito para el accesorio 1.
2025-03-04T20:54:18.703-05:00  INFO 22108 --- [DriveZone] [SpringApplicationShutdownHook] o.s.b.w.e.tomcat.GracefulShutdown        : Commencing graceful shutdown. Waiting for active requests to complete
2025-03-04T20:54:18.709-05:00  INFO 22108 --- [DriveZone] [tomcat-shutdown] o.s.b.w.e.tomcat.GracefulShutdown        : Graceful shutdown complete
2025-03-04T20:54:18.712-05:00  INFO 22108 --- [DriveZone] [SpringApplicationShutdownHook] j.LocalContainerEntityManagerFactoryBean : Closing JPA EntityManagerFactory for persistence unit 'default'
2025-03-04T20:54:18.714-05:00  INFO 22108 --- [DriveZone] [SpringApplicationShutdownHook] com.zaxxer.hikari.HikariDataSource       : HikariPool-1 - Shutdown initiated...
2025-03-04T20:54:18.720-05:00  INFO 22108 --- [DriveZone] [SpringApplicationShutdownHook] com.zaxxer.hikari.HikariDataSource       : HikariPool-1 - Shutdown completed.
