[2025-03-05 12:36:05] Usuario: theweregh buscó: 'theweregh@drivezone.com'
[2025-03-05 14:36:26] Usuario: theweregh buscó: 'theweregh@drivezone.com'
[2025-03-05 14:41:00] Usuario: theweregh buscó: 'theweregh@drivezone.com'
[2025-03-05 14:41:57] Usuario: theweregh buscó: '"1"'
[2025-03-05 14:41:57] Usuario: theweregh buscó: '"15"'
[2025-03-05 14:42:02] Usuario: theweregh buscó: '"1"'
[2025-03-05 14:42:55] Usuario: willyperic0 buscó: 'correo@dominio.com'
[2025-03-05 14:44:55] Usuario: willyperic0 buscó: 'correo@dominio.com'
[2025-03-05 15:02:20] Usuario: theweregh buscó: 'theweregh@drivezone.com'
[2025-03-05 15:05:52] Usuario: theweregh buscó: 'theweregh@drivezone.com'
[2025-03-05 15:15:21] Usuario: theweregh buscó: 'theweregh@drivezone.com'
[2025-03-05 15:21:42] Usuario: theweregh buscó: 'theweregh@drivezone.com'
[2025-03-05 15:22:06] Usuario: theweregh buscó: '"l"'
[2025-03-05 15:22:06] Usuario: theweregh buscó: '"lu"'
[2025-03-05 15:22:06] Usuario: theweregh buscó: '"lui"'
[2025-03-05 15:22:06] Usuario: theweregh buscó: '"luis"'
[2025-03-05 15:27:41] Usuario: luisfuentes buscó: 'luis1@gmail.com'
[2025-03-05 17:34:57] Usuario: theweregh buscó: 'theweregh@drivezone.com'
[2025-03-08 18:16:29] Usuario: theweregh buscó: 'theweregh@drivezone.com'
[2025-03-08 18:17:56] Usuario: theweregh buscó: 'theweregh@drivezone.com'
[2025-03-08 18:17:59] Usuario: theweregh buscó: '"1"'
[2025-03-08 18:17:59] Usuario: theweregh buscó: '"15"'
[2025-03-08 18:18:00] Usuario: theweregh buscó: '"1"'
[2025-03-08 18:18:01] Usuario: theweregh buscó: '"j"'
[2025-03-08 18:18:01] Usuario: theweregh buscó: '"je"'
[2025-03-08 18:18:01] Usuario: theweregh buscó: '"jes"'
[2025-03-08 18:18:01] Usuario: theweregh buscó: '"jesu"'
[2025-03-08 18:18:02] Usuario: theweregh buscó: '"jesus"'
[2025-03-08 18:18:02] Usuario: theweregh buscó: '"jesu"'
[2025-03-08 18:18:02] Usuario: theweregh buscó: '"jes"'
[2025-03-08 18:18:02] Usuario: theweregh buscó: '"je"'
[2025-03-08 18:18:02] Usuario: theweregh buscó: '"j"'
